<?xml version="1.0" encoding="UTF-8"?>
<!-- Generated by org.testng.reporters.JUnitReportReporter -->
<testsuite hostname="DESKTOP-4M14A0P" failures="0" tests="1" name="driverFactory.DriverScript" time="27.627" errors="0" timestamp="2022-12-26T12:31:20 IST" skipped="0">
  <testcase classname="driverFactory.DriverScript" name="startTest" time="27.627"/>
  <system-out>
    <![CDATA[No of rows in TCSheet::4  No of rows in TSSheet::10
Login Success::adminflow   http://primusbank.qedgetech.com/adminflow.aspx
AdminLogout Success::
Login Success::adminflow   http://primusbank.qedgetech.com/adminflow.aspx
New Branch with id 175 created Sucessfully
AdminLogout Success::
Login Success::adminflow   http://primusbank.qedgetech.com/adminflow.aspx
Branch updated Sucessfully
AdminLogout Success::]]>
  </system-out>
</testsuite> <!-- driverFactory.DriverScript -->
